Analysis & Synthesis report for finalproject
Fri Aug 07 02:22:13 2020
Quartus Prime Version 18.1.0 Build 625 09/12/2018 SJ Lite Edition


---------------------
; Table of Contents ;
---------------------
  1. Legal Notice
  2. Analysis & Synthesis Summary
  3. Analysis & Synthesis Settings
  4. Parallel Compilation
  5. Analysis & Synthesis Source Files Read
  6. Analysis & Synthesis Resource Usage Summary
  7. Analysis & Synthesis Resource Utilization by Entity
  8. State Machine - |finalproject|current_state
  9. Registers Removed During Synthesis
 10. Removed Registers Triggering Further Register Optimizations
 11. General Register Statistics
 12. Parameter Settings for User Entity Instance: Top-level Entity: |finalproject
 13. Port Connectivity Checks: "sevenseg:s0"
 14. Port Connectivity Checks: "sevenseg:s1"
 15. Port Connectivity Checks: "sevenseg:s2"
 16. Port Connectivity Checks: "sevenseg:s3"
 17. Port Connectivity Checks: "sevenseg:s4"
 18. Port Connectivity Checks: "sevenseg:s5"
 19. Post-Synthesis Netlist Statistics for Top Partition
 20. Elapsed Time Per Partition
 21. Analysis & Synthesis Messages



----------------
; Legal Notice ;
----------------
Copyright (C) 2018  Intel Corporation. All rights reserved.
Your use of Intel Corporation's design tools, logic functions 
and other software and tools, and its AMPP partner logic 
functions, and any output files from any of the foregoing 
(including device programming or simulation files), and any 
associated documentation or information are expressly subject 
to the terms and conditions of the Intel Program License 
Subscription Agreement, the Intel Quartus Prime License Agreement,
the Intel FPGA IP License Agreement, or other applicable license
agreement, including, without limitation, that your use is for
the sole purpose of programming logic devices manufactured by
Intel and sold by Intel or its authorized distributors.  Please
refer to the applicable agreement for further details.



+----------------------------------------------------------------------------------+
; Analysis & Synthesis Summary                                                     ;
+------------------------------------+---------------------------------------------+
; Analysis & Synthesis Status        ; Successful - Fri Aug 07 02:22:13 2020       ;
; Quartus Prime Version              ; 18.1.0 Build 625 09/12/2018 SJ Lite Edition ;
; Revision Name                      ; finalproject                                ;
; Top-level Entity Name              ; finalproject                                ;
; Family                             ; MAX 10                                      ;
; Total logic elements               ; 0                                           ;
;     Total combinational functions  ; 0                                           ;
;     Dedicated logic registers      ; 0                                           ;
; Total registers                    ; 0                                           ;
; Total pins                         ; 54                                          ;
; Total virtual pins                 ; 0                                           ;
; Total memory bits                  ; 0                                           ;
; Embedded Multiplier 9-bit elements ; 0                                           ;
; Total PLLs                         ; 0                                           ;
; UFM blocks                         ; 0                                           ;
; ADC blocks                         ; 0                                           ;
+------------------------------------+---------------------------------------------+


+------------------------------------------------------------------------------------------------------------+
; Analysis & Synthesis Settings                                                                              ;
+------------------------------------------------------------------+--------------------+--------------------+
; Option                                                           ; Setting            ; Default Value      ;
+------------------------------------------------------------------+--------------------+--------------------+
; Device                                                           ; 10M50DAF484C7G     ;                    ;
; Top-level entity name                                            ; finalproject       ; finalproject       ;
; Family name                                                      ; MAX 10             ; Cyclone V          ;
; Use smart compilation                                            ; Off                ; Off                ;
; Enable parallel Assembler and Timing Analyzer during compilation ; On                 ; On                 ;
; Enable compact report table                                      ; Off                ; Off                ;
; Restructure Multiplexers                                         ; Auto               ; Auto               ;
; Create Debugging Nodes for IP Cores                              ; Off                ; Off                ;
; Preserve fewer node names                                        ; On                 ; On                 ;
; Intel FPGA IP Evaluation Mode                                    ; Enable             ; Enable             ;
; Verilog Version                                                  ; Verilog_2001       ; Verilog_2001       ;
; VHDL Version                                                     ; VHDL_1993          ; VHDL_1993          ;
; State Machine Processing                                         ; Auto               ; Auto               ;
; Safe State Machine                                               ; Off                ; Off                ;
; Extract Verilog State Machines                                   ; On                 ; On                 ;
; Extract VHDL State Machines                                      ; On                 ; On                 ;
; Ignore Verilog initial constructs                                ; Off                ; Off                ;
; Iteration limit for constant Verilog loops                       ; 5000               ; 5000               ;
; Iteration limit for non-constant Verilog loops                   ; 250                ; 250                ;
; Add Pass-Through Logic to Inferred RAMs                          ; On                 ; On                 ;
; Infer RAMs from Raw Logic                                        ; On                 ; On                 ;
; Parallel Synthesis                                               ; On                 ; On                 ;
; DSP Block Balancing                                              ; Auto               ; Auto               ;
; NOT Gate Push-Back                                               ; On                 ; On                 ;
; Power-Up Don't Care                                              ; On                 ; On                 ;
; Remove Redundant Logic Cells                                     ; Off                ; Off                ;
; Remove Duplicate Registers                                       ; On                 ; On                 ;
; Ignore CARRY Buffers                                             ; Off                ; Off                ;
; Ignore CASCADE Buffers                                           ; Off                ; Off                ;
; Ignore GLOBAL Buffers                                            ; Off                ; Off                ;
; Ignore ROW GLOBAL Buffers                                        ; Off                ; Off                ;
; Ignore LCELL Buffers                                             ; Off                ; Off                ;
; Ignore SOFT Buffers                                              ; On                 ; On                 ;
; Limit AHDL Integers to 32 Bits                                   ; Off                ; Off                ;
; Optimization Technique                                           ; Balanced           ; Balanced           ;
; Carry Chain Length                                               ; 70                 ; 70                 ;
; Auto Carry Chains                                                ; On                 ; On                 ;
; Auto Open-Drain Pins                                             ; On                 ; On                 ;
; Perform WYSIWYG Primitive Resynthesis                            ; Off                ; Off                ;
; Auto ROM Replacement                                             ; On                 ; On                 ;
; Auto RAM Replacement                                             ; On                 ; On                 ;
; Auto DSP Block Replacement                                       ; On                 ; On                 ;
; Auto Shift Register Replacement                                  ; Auto               ; Auto               ;
; Allow Shift Register Merging across Hierarchies                  ; Auto               ; Auto               ;
; Auto Clock Enable Replacement                                    ; On                 ; On                 ;
; Strict RAM Replacement                                           ; Off                ; Off                ;
; Allow Synchronous Control Signals                                ; On                 ; On                 ;
; Force Use of Synchronous Clear Signals                           ; Off                ; Off                ;
; Auto RAM Block Balancing                                         ; On                 ; On                 ;
; Auto RAM to Logic Cell Conversion                                ; Off                ; Off                ;
; Auto Resource Sharing                                            ; Off                ; Off                ;
; Allow Any RAM Size For Recognition                               ; Off                ; Off                ;
; Allow Any ROM Size For Recognition                               ; Off                ; Off                ;
; Allow Any Shift Register Size For Recognition                    ; Off                ; Off                ;
; Use LogicLock Constraints during Resource Balancing              ; On                 ; On                 ;
; Ignore translate_off and synthesis_off directives                ; Off                ; Off                ;
; Timing-Driven Synthesis                                          ; On                 ; On                 ;
; Report Parameter Settings                                        ; On                 ; On                 ;
; Report Source Assignments                                        ; On                 ; On                 ;
; Report Connectivity Checks                                       ; On                 ; On                 ;
; Ignore Maximum Fan-Out Assignments                               ; Off                ; Off                ;
; Synchronization Register Chain Length                            ; 2                  ; 2                  ;
; Power Optimization During Synthesis                              ; Normal compilation ; Normal compilation ;
; HDL message level                                                ; Level2             ; Level2             ;
; Suppress Register Optimization Related Messages                  ; Off                ; Off                ;
; Number of Removed Registers Reported in Synthesis Report         ; 5000               ; 5000               ;
; Number of Swept Nodes Reported in Synthesis Report               ; 5000               ; 5000               ;
; Number of Inverted Registers Reported in Synthesis Report        ; 100                ; 100                ;
; Clock MUX Protection                                             ; On                 ; On                 ;
; Auto Gated Clock Conversion                                      ; Off                ; Off                ;
; Block Design Naming                                              ; Auto               ; Auto               ;
; SDC constraint protection                                        ; Off                ; Off                ;
; Synthesis Effort                                                 ; Auto               ; Auto               ;
; Shift Register Replacement - Allow Asynchronous Clear Signal     ; On                 ; On                 ;
; Pre-Mapping Resynthesis Optimization                             ; Off                ; Off                ;
; Analysis & Synthesis Message Level                               ; Medium             ; Medium             ;
; Disable Register Merging Across Hierarchies                      ; Auto               ; Auto               ;
; Resource Aware Inference For Block RAM                           ; On                 ; On                 ;
+------------------------------------------------------------------+--------------------+--------------------+


+------------------------------------------+
; Parallel Compilation                     ;
+----------------------------+-------------+
; Processors                 ; Number      ;
+----------------------------+-------------+
; Number detected on machine ; 8           ;
; Maximum allowed            ; 4           ;
;                            ;             ;
; Average used               ; 1.00        ;
; Maximum used               ; 1           ;
;                            ;             ;
; Usage by Processor         ; % Time Used ;
;     Processor 1            ; 100.0%      ;
+----------------------------+-------------+


+-------------------------------------------------------------------------------------------------------------------------------------------------------------------------------------------------------------------------------+
; Analysis & Synthesis Source Files Read                                                                                                                                                                                        ;
+----------------------------------+-----------------+------------------------+---------------------------------------------------------------------------------------------------------------------------------------+---------+
; File Name with User-Entered Path ; Used in Netlist ; File Type              ; File Name with Absolute Path                                                                                                          ; Library ;
+----------------------------------+-----------------+------------------------+---------------------------------------------------------------------------------------------------------------------------------------+---------+
; sevenseg.v                       ; yes             ; User Verilog HDL File  ; C:/Users/kearnsm2/OneDrive - Wentworth Institute of Technology/Semester 6/Advanced Digital Circuit Design/FinalProject/sevenseg.v     ;         ;
; finalproject.v                   ; yes             ; User Verilog HDL File  ; C:/Users/kearnsm2/OneDrive - Wentworth Institute of Technology/Semester 6/Advanced Digital Circuit Design/FinalProject/finalproject.v ;         ;
+----------------------------------+-----------------+------------------------+---------------------------------------------------------------------------------------------------------------------------------------+---------+


+-----------------------------------------------------+
; Analysis & Synthesis Resource Usage Summary         ;
+---------------------------------------------+-------+
; Resource                                    ; Usage ;
+---------------------------------------------+-------+
;                                             ;       ;
; Total combinational functions               ; 0     ;
; Logic element usage by number of LUT inputs ;       ;
;     -- 4 input functions                    ; 0     ;
;     -- 3 input functions                    ; 0     ;
;     -- <=2 input functions                  ; 0     ;
;                                             ;       ;
; Logic elements by mode                      ;       ;
;     -- normal mode                          ; 0     ;
;     -- arithmetic mode                      ; 0     ;
;                                             ;       ;
; Total registers                             ; 0     ;
;     -- Dedicated logic registers            ; 0     ;
;     -- I/O registers                        ; 0     ;
;                                             ;       ;
; I/O pins                                    ; 54    ;
;                                             ;       ;
; Embedded Multiplier 9-bit elements          ; 0     ;
;                                             ;       ;
; Maximum fan-out node                        ; B     ;
; Maximum fan-out                             ; 1     ;
; Total fan-out                               ; 54    ;
; Average fan-out                             ; 0.50  ;
+---------------------------------------------+-------+


+-------------------------------------------------------------------------------------------------------------------------------------------------------------------------------------------------------------------------------------+
; Analysis & Synthesis Resource Utilization by Entity                                                                                                                                                                                 ;
+----------------------------+---------------------+---------------------------+-------------+------------+--------------+---------+-----------+------+--------------+------------+---------------------+--------------+--------------+
; Compilation Hierarchy Node ; Combinational ALUTs ; Dedicated Logic Registers ; Memory Bits ; UFM Blocks ; DSP Elements ; DSP 9x9 ; DSP 18x18 ; Pins ; Virtual Pins ; ADC blocks ; Full Hierarchy Name ; Entity Name  ; Library Name ;
+----------------------------+---------------------+---------------------------+-------------+------------+--------------+---------+-----------+------+--------------+------------+---------------------+--------------+--------------+
; |finalproject              ; 0 (0)               ; 0 (0)                     ; 0           ; 0          ; 0            ; 0       ; 0         ; 54   ; 0            ; 0          ; |finalproject       ; finalproject ; work         ;
+----------------------------+---------------------+---------------------------+-------------+------------+--------------+---------+-----------+------+--------------+------------+---------------------+--------------+--------------+
Note: For table entries with two numbers listed, the numbers in parentheses indicate the number of resources of the given type used by the specific entity alone. The numbers listed outside of parentheses indicate the total resources of the given type used by the specific entity and all of its sub-entities in the hierarchy.


Encoding Type:  One-Hot
+---------------------------------------------------------------------------------------------------+
; State Machine - |finalproject|current_state                                                       ;
+-------------------+-------------------+-------------------+-------------------+-------------------+
; Name              ; current_state.A11 ; current_state.A10 ; current_state.A01 ; current_state.A00 ;
+-------------------+-------------------+-------------------+-------------------+-------------------+
; current_state.A00 ; 0                 ; 0                 ; 0                 ; 0                 ;
; current_state.A01 ; 0                 ; 0                 ; 1                 ; 1                 ;
; current_state.A10 ; 0                 ; 1                 ; 0                 ; 1                 ;
; current_state.A11 ; 1                 ; 0                 ; 0                 ; 1                 ;
+-------------------+-------------------+-------------------+-------------------+-------------------+


+-------------------------------------------------------------+
; Registers Removed During Synthesis                          ;
+----------------------------------------+--------------------+
; Register name                          ; Reason for Removal ;
+----------------------------------------+--------------------+
; current_state~2                        ; Lost fanout        ;
; current_state~3                        ; Lost fanout        ;
; new_clk                                ; Lost fanout        ;
; count[0..27]                           ; Lost fanout        ;
; current_state.A00                      ; Lost fanout        ;
; current_state.A01                      ; Lost fanout        ;
; current_state.A10                      ; Lost fanout        ;
; current_state.A11                      ; Lost fanout        ;
; Total Number of Removed Registers = 35 ;                    ;
+----------------------------------------+--------------------+


+---------------------------------------------------------------------------------------------------------------------------+
; Removed Registers Triggering Further Register Optimizations                                                               ;
+-----------------+--------------------+------------------------------------------------------------------------------------+
; Register name   ; Reason for Removal ; Registers Removed due to This Register                                             ;
+-----------------+--------------------+------------------------------------------------------------------------------------+
; current_state~2 ; Lost Fanouts       ; new_clk, count[27], count[26], count[25], count[24], count[23], current_state.A01, ;
;                 ;                    ; current_state.A11                                                                  ;
; current_state~3 ; Lost Fanouts       ; current_state.A10                                                                  ;
+-----------------+--------------------+------------------------------------------------------------------------------------+


+------------------------------------------------------+
; General Register Statistics                          ;
+----------------------------------------------+-------+
; Statistic                                    ; Value ;
+----------------------------------------------+-------+
; Total registers                              ; 0     ;
; Number of registers using Synchronous Clear  ; 0     ;
; Number of registers using Synchronous Load   ; 0     ;
; Number of registers using Asynchronous Clear ; 0     ;
; Number of registers using Asynchronous Load  ; 0     ;
; Number of registers using Clock Enable       ; 0     ;
; Number of registers using Preset             ; 0     ;
+----------------------------------------------+-------+


+------------------------------------------------------------------------------+
; Parameter Settings for User Entity Instance: Top-level Entity: |finalproject ;
+----------------+----------+--------------------------------------------------+
; Parameter Name ; Value    ; Type                                             ;
+----------------+----------+--------------------------------------------------+
; MAX_COUNT      ; 50000000 ; Signed Integer                                   ;
+----------------+----------+--------------------------------------------------+
Note: In order to hide this table in the UI and the text report file, please set the "Show Parameter Settings in Synthesis Report" option in "Analysis and Synthesis Settings -> More Settings" to "Off".


+-------------------------------------------+
; Port Connectivity Checks: "sevenseg:s0"   ;
+---------+-------+----------+--------------+
; Port    ; Type  ; Severity ; Details      ;
+---------+-------+----------+--------------+
; A[3..1] ; Input ; Info     ; Stuck at GND ;
; A[0]    ; Input ; Info     ; Stuck at VCC ;
+---------+-------+----------+--------------+


+------------------------------------------------------------------------------------------------------------------------------------------------------------------------------------------------------------+
; Port Connectivity Checks: "sevenseg:s1"                                                                                                                                                                    ;
+------+-------+----------+----------------------------------------------------------------------------------------------------------------------------------------------------------------------------------+
; Port ; Type  ; Severity ; Details                                                                                                                                                                          ;
+------+-------+----------+----------------------------------------------------------------------------------------------------------------------------------------------------------------------------------+
; A    ; Input ; Warning  ; Input port expression (8 bits) is wider than the input port (4 bits) it drives.  The 4 most-significant bit(s) in the expression will be dangling if they have no other fanouts. ;
+------+-------+----------+----------------------------------------------------------------------------------------------------------------------------------------------------------------------------------+


+------------------------------------------------------------------------------------------------------------------------------------------------------------------------------------------------------------+
; Port Connectivity Checks: "sevenseg:s2"                                                                                                                                                                    ;
+------+-------+----------+----------------------------------------------------------------------------------------------------------------------------------------------------------------------------------+
; Port ; Type  ; Severity ; Details                                                                                                                                                                          ;
+------+-------+----------+----------------------------------------------------------------------------------------------------------------------------------------------------------------------------------+
; A    ; Input ; Warning  ; Input port expression (8 bits) is wider than the input port (4 bits) it drives.  The 4 most-significant bit(s) in the expression will be dangling if they have no other fanouts. ;
+------+-------+----------+----------------------------------------------------------------------------------------------------------------------------------------------------------------------------------+


+------------------------------------------------------------------------------------------------------------------------------------------------------------------------------------------------------------+
; Port Connectivity Checks: "sevenseg:s3"                                                                                                                                                                    ;
+------+-------+----------+----------------------------------------------------------------------------------------------------------------------------------------------------------------------------------+
; Port ; Type  ; Severity ; Details                                                                                                                                                                          ;
+------+-------+----------+----------------------------------------------------------------------------------------------------------------------------------------------------------------------------------+
; A    ; Input ; Warning  ; Input port expression (8 bits) is wider than the input port (4 bits) it drives.  The 4 most-significant bit(s) in the expression will be dangling if they have no other fanouts. ;
+------+-------+----------+----------------------------------------------------------------------------------------------------------------------------------------------------------------------------------+


+------------------------------------------------------------------------------------------------------------------------------------------------------------------------------------------------------------+
; Port Connectivity Checks: "sevenseg:s4"                                                                                                                                                                    ;
+------+-------+----------+----------------------------------------------------------------------------------------------------------------------------------------------------------------------------------+
; Port ; Type  ; Severity ; Details                                                                                                                                                                          ;
+------+-------+----------+----------------------------------------------------------------------------------------------------------------------------------------------------------------------------------+
; A    ; Input ; Warning  ; Input port expression (8 bits) is wider than the input port (4 bits) it drives.  The 4 most-significant bit(s) in the expression will be dangling if they have no other fanouts. ;
+------+-------+----------+----------------------------------------------------------------------------------------------------------------------------------------------------------------------------------+


+------------------------------------------------------------------------------------------------------------------------------------------------------------------------------------------------------------+
; Port Connectivity Checks: "sevenseg:s5"                                                                                                                                                                    ;
+------+-------+----------+----------------------------------------------------------------------------------------------------------------------------------------------------------------------------------+
; Port ; Type  ; Severity ; Details                                                                                                                                                                          ;
+------+-------+----------+----------------------------------------------------------------------------------------------------------------------------------------------------------------------------------+
; A    ; Input ; Warning  ; Input port expression (8 bits) is wider than the input port (4 bits) it drives.  The 4 most-significant bit(s) in the expression will be dangling if they have no other fanouts. ;
+------+-------+----------+----------------------------------------------------------------------------------------------------------------------------------------------------------------------------------+


+-----------------------------------------------------+
; Post-Synthesis Netlist Statistics for Top Partition ;
+-----------------------+-----------------------------+
; Type                  ; Count                       ;
+-----------------------+-----------------------------+
; boundary_port         ; 54                          ;
; cycloneiii_lcell_comb ; 2                           ;
;     normal            ; 2                           ;
;         0 data inputs ; 2                           ;
;                       ;                             ;
; Max LUT depth         ; 0.00                        ;
; Average LUT depth     ; 0.00                        ;
+-----------------------+-----------------------------+


+-------------------------------+
; Elapsed Time Per Partition    ;
+----------------+--------------+
; Partition Name ; Elapsed Time ;
+----------------+--------------+
; Top            ; 00:00:00     ;
+----------------+--------------+


+-------------------------------+
; Analysis & Synthesis Messages ;
+-------------------------------+
Info: *******************************************************************
Info: Running Quartus Prime Analysis & Synthesis
    Info: Version 18.1.0 Build 625 09/12/2018 SJ Lite Edition
    Info: Processing started: Fri Aug 07 02:22:02 2020
Info: Command: quartus_map --read_settings_files=on --write_settings_files=off finalproject -c finalproject
Warning (18236): Number of processors has not been specified which may cause overloading on shared machines.  Set the global assignment NUM_PARALLEL_PROCESSORS in your QSF to an appropriate value for best performance.
Info (20030): Parallel compilation is enabled and will use 4 of the 4 processors detected
Info (12021): Found 1 design units, including 1 entities, in source file sevenseg.v
    Info (12023): Found entity 1: sevenseg File: C:/Users/kearnsm2/OneDrive - Wentworth Institute of Technology/Semester 6/Advanced Digital Circuit Design/FinalProject/sevenseg.v Line: 1
Info (12021): Found 1 design units, including 1 entities, in source file finalproject.v
    Info (12023): Found entity 1: finalproject File: C:/Users/kearnsm2/OneDrive - Wentworth Institute of Technology/Semester 6/Advanced Digital Circuit Design/FinalProject/finalproject.v Line: 1
Info (12127): Elaborating entity "finalproject" for the top level hierarchy
Warning (10036): Verilog HDL or VHDL warning at finalproject.v(11): object "clock" assigned a value but never read File: C:/Users/kearnsm2/OneDrive - Wentworth Institute of Technology/Semester 6/Advanced Digital Circuit Design/FinalProject/finalproject.v Line: 11
Warning (10036): Verilog HDL or VHDL warning at finalproject.v(12): object "temp" assigned a value but never read File: C:/Users/kearnsm2/OneDrive - Wentworth Institute of Technology/Semester 6/Advanced Digital Circuit Design/FinalProject/finalproject.v Line: 12
Warning (10230): Verilog HDL assignment warning at finalproject.v(28): truncated value with size 32 to match size of target (28) File: C:/Users/kearnsm2/OneDrive - Wentworth Institute of Technology/Semester 6/Advanced Digital Circuit Design/FinalProject/finalproject.v Line: 28
Warning (10034): Output port "Z" at finalproject.v(1) has no driver File: C:/Users/kearnsm2/OneDrive - Wentworth Institute of Technology/Semester 6/Advanced Digital Circuit Design/FinalProject/finalproject.v Line: 1
Info (12128): Elaborating entity "sevenseg" for hierarchy "sevenseg:s5" File: C:/Users/kearnsm2/OneDrive - Wentworth Institute of Technology/Semester 6/Advanced Digital Circuit Design/FinalProject/finalproject.v Line: 16
Warning (12241): 5 hierarchies have connectivity warnings - see the Connectivity Checks report folder
Warning (13024): Output pins are stuck at VCC or GND
    Warning (13410): Pin "Z" is stuck at GND File: C:/Users/kearnsm2/OneDrive - Wentworth Institute of Technology/Semester 6/Advanced Digital Circuit Design/FinalProject/finalproject.v Line: 1
    Warning (13410): Pin "H5[0]" is stuck at GND File: C:/Users/kearnsm2/OneDrive - Wentworth Institute of Technology/Semester 6/Advanced Digital Circuit Design/FinalProject/finalproject.v Line: 1
    Warning (13410): Pin "H5[1]" is stuck at GND File: C:/Users/kearnsm2/OneDrive - Wentworth Institute of Technology/Semester 6/Advanced Digital Circuit Design/FinalProject/finalproject.v Line: 1
    Warning (13410): Pin "H5[2]" is stuck at GND File: C:/Users/kearnsm2/OneDrive - Wentworth Institute of Technology/Semester 6/Advanced Digital Circuit Design/FinalProject/finalproject.v Line: 1
    Warning (13410): Pin "H5[3]" is stuck at GND File: C:/Users/kearnsm2/OneDrive - Wentworth Institute of Technology/Semester 6/Advanced Digital Circuit Design/FinalProject/finalproject.v Line: 1
    Warning (13410): Pin "H5[4]" is stuck at GND File: C:/Users/kearnsm2/OneDrive - Wentworth Institute of Technology/Semester 6/Advanced Digital Circuit Design/FinalProject/finalproject.v Line: 1
    Warning (13410): Pin "H5[5]" is stuck at GND File: C:/Users/kearnsm2/OneDrive - Wentworth Institute of Technology/Semester 6/Advanced Digital Circuit Design/FinalProject/finalproject.v Line: 1
    Warning (13410): Pin "H5[6]" is stuck at VCC File: C:/Users/kearnsm2/OneDrive - Wentworth Institute of Technology/Semester 6/Advanced Digital Circuit Design/FinalProject/finalproject.v Line: 1
    Warning (13410): Pin "H5[7]" is stuck at VCC File: C:/Users/kearnsm2/OneDrive - Wentworth Institute of Technology/Semester 6/Advanced Digital Circuit Design/FinalProject/finalproject.v Line: 1
    Warning (13410): Pin "H4[0]" is stuck at GND File: C:/Users/kearnsm2/OneDrive - Wentworth Institute of Technology/Semester 6/Advanced Digital Circuit Design/FinalProject/finalproject.v Line: 1
    Warning (13410): Pin "H4[1]" is stuck at GND File: C:/Users/kearnsm2/OneDrive - Wentworth Institute of Technology/Semester 6/Advanced Digital Circuit Design/FinalProject/finalproject.v Line: 1
    Warning (13410): Pin "H4[2]" is stuck at GND File: C:/Users/kearnsm2/OneDrive - Wentworth Institute of Technology/Semester 6/Advanced Digital Circuit Design/FinalProject/finalproject.v Line: 1
    Warning (13410): Pin "H4[3]" is stuck at GND File: C:/Users/kearnsm2/OneDrive - Wentworth Institute of Technology/Semester 6/Advanced Digital Circuit Design/FinalProject/finalproject.v Line: 1
    Warning (13410): Pin "H4[4]" is stuck at GND File: C:/Users/kearnsm2/OneDrive - Wentworth Institute of Technology/Semester 6/Advanced Digital Circuit Design/FinalProject/finalproject.v Line: 1
    Warning (13410): Pin "H4[5]" is stuck at GND File: C:/Users/kearnsm2/OneDrive - Wentworth Institute of Technology/Semester 6/Advanced Digital Circuit Design/FinalProject/finalproject.v Line: 1
    Warning (13410): Pin "H4[6]" is stuck at VCC File: C:/Users/kearnsm2/OneDrive - Wentworth Institute of Technology/Semester 6/Advanced Digital Circuit Design/FinalProject/finalproject.v Line: 1
    Warning (13410): Pin "H4[7]" is stuck at VCC File: C:/Users/kearnsm2/OneDrive - Wentworth Institute of Technology/Semester 6/Advanced Digital Circuit Design/FinalProject/finalproject.v Line: 1
    Warning (13410): Pin "H3[0]" is stuck at GND File: C:/Users/kearnsm2/OneDrive - Wentworth Institute of Technology/Semester 6/Advanced Digital Circuit Design/FinalProject/finalproject.v Line: 1
    Warning (13410): Pin "H3[1]" is stuck at GND File: C:/Users/kearnsm2/OneDrive - Wentworth Institute of Technology/Semester 6/Advanced Digital Circuit Design/FinalProject/finalproject.v Line: 1
    Warning (13410): Pin "H3[2]" is stuck at GND File: C:/Users/kearnsm2/OneDrive - Wentworth Institute of Technology/Semester 6/Advanced Digital Circuit Design/FinalProject/finalproject.v Line: 1
    Warning (13410): Pin "H3[3]" is stuck at GND File: C:/Users/kearnsm2/OneDrive - Wentworth Institute of Technology/Semester 6/Advanced Digital Circuit Design/FinalProject/finalproject.v Line: 1
    Warning (13410): Pin "H3[4]" is stuck at GND File: C:/Users/kearnsm2/OneDrive - Wentworth Institute of Technology/Semester 6/Advanced Digital Circuit Design/FinalProject/finalproject.v Line: 1
    Warning (13410): Pin "H3[5]" is stuck at GND File: C:/Users/kearnsm2/OneDrive - Wentworth Institute of Technology/Semester 6/Advanced Digital Circuit Design/FinalProject/finalproject.v Line: 1
    Warning (13410): Pin "H3[6]" is stuck at VCC File: C:/Users/kearnsm2/OneDrive - Wentworth Institute of Technology/Semester 6/Advanced Digital Circuit Design/FinalProject/finalproject.v Line: 1
    Warning (13410): Pin "H3[7]" is stuck at VCC File: C:/Users/kearnsm2/OneDrive - Wentworth Institute of Technology/Semester 6/Advanced Digital Circuit Design/FinalProject/finalproject.v Line: 1
    Warning (13410): Pin "H2[0]" is stuck at GND File: C:/Users/kearnsm2/OneDrive - Wentworth Institute of Technology/Semester 6/Advanced Digital Circuit Design/FinalProject/finalproject.v Line: 1
    Warning (13410): Pin "H2[1]" is stuck at GND File: C:/Users/kearnsm2/OneDrive - Wentworth Institute of Technology/Semester 6/Advanced Digital Circuit Design/FinalProject/finalproject.v Line: 1
    Warning (13410): Pin "H2[2]" is stuck at GND File: C:/Users/kearnsm2/OneDrive - Wentworth Institute of Technology/Semester 6/Advanced Digital Circuit Design/FinalProject/finalproject.v Line: 1
    Warning (13410): Pin "H2[3]" is stuck at GND File: C:/Users/kearnsm2/OneDrive - Wentworth Institute of Technology/Semester 6/Advanced Digital Circuit Design/FinalProject/finalproject.v Line: 1
    Warning (13410): Pin "H2[4]" is stuck at GND File: C:/Users/kearnsm2/OneDrive - Wentworth Institute of Technology/Semester 6/Advanced Digital Circuit Design/FinalProject/finalproject.v Line: 1
    Warning (13410): Pin "H2[5]" is stuck at GND File: C:/Users/kearnsm2/OneDrive - Wentworth Institute of Technology/Semester 6/Advanced Digital Circuit Design/FinalProject/finalproject.v Line: 1
    Warning (13410): Pin "H2[6]" is stuck at VCC File: C:/Users/kearnsm2/OneDrive - Wentworth Institute of Technology/Semester 6/Advanced Digital Circuit Design/FinalProject/finalproject.v Line: 1
    Warning (13410): Pin "H2[7]" is stuck at VCC File: C:/Users/kearnsm2/OneDrive - Wentworth Institute of Technology/Semester 6/Advanced Digital Circuit Design/FinalProject/finalproject.v Line: 1
    Warning (13410): Pin "H1[0]" is stuck at GND File: C:/Users/kearnsm2/OneDrive - Wentworth Institute of Technology/Semester 6/Advanced Digital Circuit Design/FinalProject/finalproject.v Line: 1
    Warning (13410): Pin "H1[1]" is stuck at GND File: C:/Users/kearnsm2/OneDrive - Wentworth Institute of Technology/Semester 6/Advanced Digital Circuit Design/FinalProject/finalproject.v Line: 1
    Warning (13410): Pin "H1[2]" is stuck at GND File: C:/Users/kearnsm2/OneDrive - Wentworth Institute of Technology/Semester 6/Advanced Digital Circuit Design/FinalProject/finalproject.v Line: 1
    Warning (13410): Pin "H1[3]" is stuck at GND File: C:/Users/kearnsm2/OneDrive - Wentworth Institute of Technology/Semester 6/Advanced Digital Circuit Design/FinalProject/finalproject.v Line: 1
    Warning (13410): Pin "H1[4]" is stuck at GND File: C:/Users/kearnsm2/OneDrive - Wentworth Institute of Technology/Semester 6/Advanced Digital Circuit Design/FinalProject/finalproject.v Line: 1
    Warning (13410): Pin "H1[5]" is stuck at GND File: C:/Users/kearnsm2/OneDrive - Wentworth Institute of Technology/Semester 6/Advanced Digital Circuit Design/FinalProject/finalproject.v Line: 1
    Warning (13410): Pin "H1[6]" is stuck at VCC File: C:/Users/kearnsm2/OneDrive - Wentworth Institute of Technology/Semester 6/Advanced Digital Circuit Design/FinalProject/finalproject.v Line: 1
    Warning (13410): Pin "H1[7]" is stuck at VCC File: C:/Users/kearnsm2/OneDrive - Wentworth Institute of Technology/Semester 6/Advanced Digital Circuit Design/FinalProject/finalproject.v Line: 1
    Warning (13410): Pin "H0[0]" is stuck at VCC File: C:/Users/kearnsm2/OneDrive - Wentworth Institute of Technology/Semester 6/Advanced Digital Circuit Design/FinalProject/finalproject.v Line: 1
    Warning (13410): Pin "H0[1]" is stuck at GND File: C:/Users/kearnsm2/OneDrive - Wentworth Institute of Technology/Semester 6/Advanced Digital Circuit Design/FinalProject/finalproject.v Line: 1
    Warning (13410): Pin "H0[2]" is stuck at GND File: C:/Users/kearnsm2/OneDrive - Wentworth Institute of Technology/Semester 6/Advanced Digital Circuit Design/FinalProject/finalproject.v Line: 1
    Warning (13410): Pin "H0[3]" is stuck at VCC File: C:/Users/kearnsm2/OneDrive - Wentworth Institute of Technology/Semester 6/Advanced Digital Circuit Design/FinalProject/finalproject.v Line: 1
    Warning (13410): Pin "H0[4]" is stuck at VCC File: C:/Users/kearnsm2/OneDrive - Wentworth Institute of Technology/Semester 6/Advanced Digital Circuit Design/FinalProject/finalproject.v Line: 1
    Warning (13410): Pin "H0[5]" is stuck at VCC File: C:/Users/kearnsm2/OneDrive - Wentworth Institute of Technology/Semester 6/Advanced Digital Circuit Design/FinalProject/finalproject.v Line: 1
    Warning (13410): Pin "H0[6]" is stuck at VCC File: C:/Users/kearnsm2/OneDrive - Wentworth Institute of Technology/Semester 6/Advanced Digital Circuit Design/FinalProject/finalproject.v Line: 1
    Warning (13410): Pin "H0[7]" is stuck at VCC File: C:/Users/kearnsm2/OneDrive - Wentworth Institute of Technology/Semester 6/Advanced Digital Circuit Design/FinalProject/finalproject.v Line: 1
Info (17049): 35 registers lost all their fanouts during netlist optimizations.
Info (16010): Generating hard_block partition "hard_block:auto_generated_inst"
    Info (16011): Adding 0 node(s), including 0 DDIO, 0 PLL, 0 transceiver and 0 LCELL
Warning (21074): Design contains 5 input pin(s) that do not drive logic
    Warning (15610): No output dependent on input pin "B" File: C:/Users/kearnsm2/OneDrive - Wentworth Institute of Technology/Semester 6/Advanced Digital Circuit Design/FinalProject/finalproject.v Line: 1
    Warning (15610): No output dependent on input pin "C" File: C:/Users/kearnsm2/OneDrive - Wentworth Institute of Technology/Semester 6/Advanced Digital Circuit Design/FinalProject/finalproject.v Line: 1
    Warning (15610): No output dependent on input pin "D" File: C:/Users/kearnsm2/OneDrive - Wentworth Institute of Technology/Semester 6/Advanced Digital Circuit Design/FinalProject/finalproject.v Line: 1
    Warning (15610): No output dependent on input pin "A" File: C:/Users/kearnsm2/OneDrive - Wentworth Institute of Technology/Semester 6/Advanced Digital Circuit Design/FinalProject/finalproject.v Line: 1
    Warning (15610): No output dependent on input pin "clk" File: C:/Users/kearnsm2/OneDrive - Wentworth Institute of Technology/Semester 6/Advanced Digital Circuit Design/FinalProject/finalproject.v Line: 1
Info (21057): Implemented 54 device resources after synthesis - the final resource count might be different
    Info (21058): Implemented 5 input pins
    Info (21059): Implemented 49 output pins
Info: Quartus Prime Analysis & Synthesis was successful. 0 errors, 62 warnings
    Info: Peak virtual memory: 4752 megabytes
    Info: Processing ended: Fri Aug 07 02:22:13 2020
    Info: Elapsed time: 00:00:11
    Info: Total CPU time (on all processors): 00:00:23


